app/build/intermediates/manifest_merge_blame_file/debug/manifest-merger-blame-debug-report.txt
1<?xml version="1.0" encoding="utf-8"?>
2<manifest xmlns:android="http://schemas.android.com/apk/res/android"
3    package="mt.tts.driverpos"
4    android:versionCode="1"
5    android:versionName="1.0" >
6
7    <uses-sdk
8        android:minSdkVersion="25"
8-->src\main\AndroidManifest.xml
9        android:targetSdkVersion="30" />
9-->src\main\AndroidManifest.xml
10
11    <uses-permission android:name="android.permission.WAKE_LOCK" />
11-->src\main\AndroidManifest.xml:6:5-68
11-->src\main\AndroidManifest.xml:6:22-65
12
13    <queries>
13-->src\main\AndroidManifest.xml:8:4-10:15
14        <package android:name="com.zebra.printconnect" />
14-->src\main\AndroidManifest.xml:9:9-58
14-->src\main\AndroidManifest.xml:9:18-55
15    </queries>
16
17    <uses-permission android:name="android.permission.ACCESS_NETWORK_STATE" />
17-->src\main\AndroidManifest.xml:12:5-79
17-->src\main\AndroidManifest.xml:12:22-76
18    <uses-permission android:name="android.permission.READ_PHONE_STATE" />
18-->src\main\AndroidManifest.xml:13:5-75
18-->src\main\AndroidManifest.xml:13:22-72
19    <uses-permission android:name="android.permission.INTERNET" />
19-->src\main\AndroidManifest.xml:14:5-67
19-->src\main\AndroidManifest.xml:14:22-64
20    <uses-permission android:name="android.permission.WRITE_EXTERNAL_STORAGE" />
20-->src\main\AndroidManifest.xml:15:5-81
20-->src\main\AndroidManifest.xml:15:22-78
21    <uses-permission android:name="android.permission.READ_EXTERNAL_STORAGE" />
21-->src\main\AndroidManifest.xml:16:5-80
21-->src\main\AndroidManifest.xml:16:22-77
22    <uses-permission android:name="android.permission.BLUETOOTH" />
22-->src\main\AndroidManifest.xml:17:5-68
22-->src\main\AndroidManifest.xml:17:22-65
23    <uses-permission android:name="android.permission.BLUETOOTH_ADMIN" />
23-->src\main\AndroidManifest.xml:18:5-74
23-->src\main\AndroidManifest.xml:18:22-71
24    <uses-permission android:name="android.permission.NFC" />
24-->src\main\AndroidManifest.xml:19:5-62
24-->src\main\AndroidManifest.xml:19:22-59
25
26    <application
26-->src\main\AndroidManifest.xml:21:5-70:19
27        android:allowBackup="true"
27-->src\main\AndroidManifest.xml:22:9-35
28        android:appComponentFactory="androidx.core.app.CoreComponentFactory"
28-->[androidx.core:core:1.3.2] AndroidManifest.xml:24:18-86
29        android:debuggable="true"
30        android:extractNativeLibs="false"
31        android:icon="@mipmap/ic_launcher"
31-->src\main\AndroidManifest.xml:23:9-43
32        android:label="@string/app_name"
32-->src\main\AndroidManifest.xml:24:9-41
33        android:requestLegacyExternalStorage="true"
33-->src\main\AndroidManifest.xml:25:9-52
34        android:roundIcon="@mipmap/ic_launcher_round"
34-->src\main\AndroidManifest.xml:26:9-54
35        android:supportsRtl="true"
35-->src\main\AndroidManifest.xml:27:9-35
36        android:theme="@style/Theme.DriverPos" >
36-->src\main\AndroidManifest.xml:28:9-47
37
38        <!-- this is the latest version with Settings updated -->
39
40
41        <!--
42               Set to true if your app is Standalone, that is, it does not require the handheld
43               app to run.
44        -->
45        <meta-data
45-->src\main\AndroidManifest.xml:36:9-38:36
46            android:name="com.google.android.wearable.standalone"
46-->src\main\AndroidManifest.xml:37:13-66
47            android:value="true" />
47-->src\main\AndroidManifest.xml:38:13-33
48
49        <activity android:name="mt.tts.driverpos.Controller.BaseActivity" />
49-->src\main\AndroidManifest.xml:40:9-61
49-->src\main\AndroidManifest.xml:40:19-58
50        <activity android:name="mt.tts.driverpos.Controller.DeliveryNote" />
50-->src\main\AndroidManifest.xml:41:9-61
50-->src\main\AndroidManifest.xml:41:19-58
51        <activity android:name="mt.tts.driverpos.Controller.ExportFile" />
51-->src\main\AndroidManifest.xml:42:9-59
51-->src\main\AndroidManifest.xml:42:19-56
52        <activity android:name="mt.tts.driverpos.Controller.InputActivity" />
52-->src\main\AndroidManifest.xml:43:9-62
52-->src\main\AndroidManifest.xml:43:19-59
53        <activity android:name="mt.tts.driverpos.Controller.SettingsSave" />
53-->src\main\AndroidManifest.xml:44:9-61
53-->src\main\AndroidManifest.xml:44:19-58
54        <activity android:name="mt.tts.driverpos.Controller.Admin" />
54-->src\main\AndroidManifest.xml:45:9-54
54-->src\main\AndroidManifest.xml:45:19-51
55        <activity android:name="mt.tts.driverpos.Controller.SignatureActivity" />
55-->src\main\AndroidManifest.xml:46:9-66
55-->src\main\AndroidManifest.xml:46:19-63
56        <activity android:name="mt.tts.driverpos.Controller.FilesActivity" />
56-->src\main\AndroidManifest.xml:47:9-62
56-->src\main\AndroidManifest.xml:47:19-59
57        <activity android:name="mt.tts.driverpos.Controller.MainActivity" >
57-->src\main\AndroidManifest.xml:48:9-54:20
57-->src\main\AndroidManifest.xml:48:19-58
58            <intent-filter>
58-->src\main\AndroidManifest.xml:49:13-53:29
59                <action android:name="android.intent.action.MAIN" />
59-->src\main\AndroidManifest.xml:50:17-69
59-->src\main\AndroidManifest.xml:50:25-66
60
61                <category android:name="android.intent.category.LAUNCHER" />
61-->src\main\AndroidManifest.xml:52:17-77
61-->src\main\AndroidManifest.xml:52:27-74
62            </intent-filter>
63        </activity>
64
65        <provider
66            android:name="androidx.core.content.FileProvider"
66-->src\main\AndroidManifest.xml:57:13-62
67            android:authorities="mt.tts.driverpos.provider"
67-->src\main\AndroidManifest.xml:58:13-60
68            android:enabled="true"
68-->src\main\AndroidManifest.xml:59:13-35
69            android:exported="false"
69-->src\main\AndroidManifest.xml:60:13-37
70            android:grantUriPermissions="true" >
70-->src\main\AndroidManifest.xml:61:13-47
71            <meta-data
71-->src\main\AndroidManifest.xml:62:13-64:58
72                android:name="android.support.FILE_PROVIDER_PATHS"
72-->src\main\AndroidManifest.xml:63:17-67
73                android:resource="@xml/provider_paths" />
73-->src\main\AndroidManifest.xml:64:17-55
74        </provider>
75
76        <meta-data
76-->src\main\AndroidManifest.xml:67:9-69:57
77            android:name="preloaded_fonts"
77-->src\main\AndroidManifest.xml:68:13-43
78            android:resource="@array/preloaded_fonts" />
78-->src\main\AndroidManifest.xml:69:13-54
79    </application>
80
81</manifest>